{"total": {"lines":{"total":161,"covered":98,"skipped":0,"pct":60.87},"statements":{"total":162,"covered":98,"skipped":0,"pct":60.49},"functions":{"total":39,"covered":17,"skipped":0,"pct":43.59},"branches":{"total":48,"covered":24,"skipped":0,"pct":50}}
,"/Users/wada.yusuke/ghq/github.com/team-mad/ts-validator/examples/postal-code.ts": {"lines":{"total":10,"covered":10,"skipped":0,"pct":100},"functions":{"total":1,"covered":1,"skipped":0,"pct":100},"statements":{"total":10,"covered":10,"skipped":0,"pct":100},"branches":{"total":0,"covered":0,"skipped":0,"pct":100}}
,"/Users/wada.yusuke/ghq/github.com/team-mad/ts-validator/src/index.ts": {"lines":{"total":3,"covered":3,"skipped":0,"pct":100},"functions":{"total":0,"covered":0,"skipped":0,"pct":100},"statements":{"total":3,"covered":3,"skipped":0,"pct":100},"branches":{"total":0,"covered":0,"skipped":0,"pct":100}}
,"/Users/wada.yusuke/ghq/github.com/team-mad/ts-validator/src/regexp.ts": {"lines":{"total":7,"covered":7,"skipped":0,"pct":100},"functions":{"total":0,"covered":0,"skipped":0,"pct":100},"statements":{"total":7,"covered":7,"skipped":0,"pct":100},"branches":{"total":0,"covered":0,"skipped":0,"pct":100}}
,"/Users/wada.yusuke/ghq/github.com/team-mad/ts-validator/src/validator-factory.ts": {"lines":{"total":43,"covered":15,"skipped":0,"pct":34.88},"functions":{"total":13,"covered":0,"skipped":0,"pct":0},"statements":{"total":43,"covered":15,"skipped":0,"pct":34.88},"branches":{"total":6,"covered":0,"skipped":0,"pct":0}}
,"/Users/wada.yusuke/ghq/github.com/team-mad/ts-validator/src/validator.ts": {"lines":{"total":98,"covered":63,"skipped":0,"pct":64.29},"functions":{"total":25,"covered":16,"skipped":0,"pct":64},"statements":{"total":99,"covered":63,"skipped":0,"pct":63.64},"branches":{"total":42,"covered":24,"skipped":0,"pct":57.14}}
}
