TN:
SF:examples/postal-code.ts
FN:9,postalCodeValidator
FNF:1
FNH:1
FNDA:11,postalCodeValidator
DA:1,1
DA:9,1
DA:10,11
DA:11,11
DA:12,11
DA:14,11
DA:15,11
DA:17,11
DA:18,11
DA:20,11
LF:10
LH:10
BRF:0
BRH:0
end_of_record
TN:
SF:src/index.ts
FNF:0
FNH:0
DA:1,1
DA:2,1
DA:3,1
LF:3
LH:3
BRF:0
BRH:0
end_of_record
TN:
SF:src/regexp.ts
FNF:0
FNH:0
DA:4,2
DA:11,2
DA:16,2
DA:21,2
DA:26,2
DA:31,2
DA:36,2
LF:7
LH:7
BRF:0
BRH:0
end_of_record
TN:
SF:src/validator-factory.ts
FN:24,formatValidator
FN:52,notEmptyValidator
FN:59,uuidV4CheckValidator
FN:68,numberRangeValidator
FN:83,lengthValidator
FN:98,containsValidator
FN:111,literalCheckValidator
FN:122,isoDateValidator
FN:129,alphanumericValidator
FN:147,numberFormatValidator
FN:165,emptyStringValidator
FN:172,and
FN:179,or
FNF:13
FNH:0
FNDA:0,formatValidator
FNDA:0,notEmptyValidator
FNDA:0,uuidV4CheckValidator
FNDA:0,numberRangeValidator
FNDA:0,lengthValidator
FNDA:0,containsValidator
FNDA:0,literalCheckValidator
FNDA:0,isoDateValidator
FNDA:0,alphanumericValidator
FNDA:0,numberFormatValidator
FNDA:0,emptyStringValidator
FNDA:0,and
FNDA:0,or
DA:1,1
DA:14,1
DA:24,1
DA:37,0
DA:38,0
DA:41,0
DA:44,0
DA:45,0
DA:46,0
DA:52,1
DA:53,0
DA:59,1
DA:60,0
DA:61,0
DA:62,0
DA:68,1
DA:74,0
DA:75,0
DA:76,0
DA:77,0
DA:83,1
DA:89,0
DA:90,0
DA:91,0
DA:92,0
DA:98,1
DA:103,0
DA:104,0
DA:105,0
DA:111,1
DA:116,0
DA:122,1
DA:123,0
DA:129,1
DA:135,0
DA:147,1
DA:153,0
DA:165,1
DA:166,0
DA:172,1
DA:173,0
DA:179,1
DA:180,0
LF:43
LH:15
BRDA:39,0,0,0
BRDA:39,0,1,0
BRDA:42,1,0,0
BRDA:42,1,1,0
BRDA:44,2,0,0
BRDA:44,2,1,0
BRF:6
BRH:0
end_of_record
TN:
SF:src/validator.ts
FN:26,(anonymous_0)
FN:31,(anonymous_1)
FN:59,(anonymous_2)
FN:65,(anonymous_3)
FN:90,(anonymous_4)
FN:96,(anonymous_5)
FN:105,(anonymous_6)
FN:126,(anonymous_7)
FN:132,(anonymous_8)
FN:155,(anonymous_9)
FN:167,(anonymous_10)
FN:172,(anonymous_11)
FN:204,(anonymous_12)
FN:210,(anonymous_13)
FN:243,(anonymous_14)
FN:249,(anonymous_15)
FN:283,(anonymous_16)
FN:290,(anonymous_17)
FN:318,(anonymous_18)
FN:324,(anonymous_19)
FN:349,(anonymous_20)
FN:353,(anonymous_21)
FN:385,(anonymous_22)
FN:389,(anonymous_23)
FN:404,(anonymous_24)
FNF:25
FNH:16
FNDA:3,(anonymous_0)
FNDA:3,(anonymous_1)
FNDA:20,(anonymous_2)
FNDA:20,(anonymous_3)
FNDA:0,(anonymous_4)
FNDA:0,(anonymous_5)
FNDA:0,(anonymous_6)
FNDA:10,(anonymous_7)
FNDA:12,(anonymous_8)
FNDA:12,(anonymous_9)
FNDA:0,(anonymous_10)
FNDA:0,(anonymous_11)
FNDA:36,(anonymous_12)
FNDA:36,(anonymous_13)
FNDA:38,(anonymous_14)
FNDA:28,(anonymous_15)
FNDA:0,(anonymous_16)
FNDA:0,(anonymous_17)
FNDA:0,(anonymous_18)
FNDA:0,(anonymous_19)
FNDA:28,(anonymous_20)
FNDA:30,(anonymous_21)
FNDA:11,(anonymous_22)
FNDA:11,(anonymous_23)
FNDA:22,(anonymous_24)
DA:1,2
DA:22,2
DA:27,3
DA:28,3
DA:32,3
DA:40,3
DA:44,3
DA:54,2
DA:60,20
DA:61,20
DA:62,20
DA:66,20
DA:73,20
DA:75,20
DA:85,2
DA:91,0
DA:92,0
DA:93,0
DA:97,0
DA:104,0
DA:105,0
DA:106,0
DA:107,0
DA:111,0
DA:121,2
DA:127,10
DA:128,10
DA:129,10
DA:133,12
DA:140,12
DA:141,12
DA:148,12
DA:150,12
DA:156,12
DA:163,2
DA:168,0
DA:169,0
DA:173,0
DA:180,0
DA:181,0
DA:182,0
DA:185,0
DA:189,0
DA:199,2
DA:205,36
DA:206,36
DA:207,36
DA:213,36
DA:214,0
DA:216,36
DA:219,36
DA:226,36
DA:228,36
DA:238,2
DA:244,38
DA:245,38
DA:246,38
DA:252,28
DA:253,0
DA:255,28
DA:258,28
DA:265,28
DA:267,28
DA:277,2
DA:284,0
DA:285,0
DA:286,0
DA:287,0
DA:291,0
DA:293,0
DA:301,0
DA:303,0
DA:313,2
DA:319,0
DA:320,0
DA:321,0
DA:325,0
DA:327,0
DA:329,0
DA:336,0
DA:346,2
DA:350,28
DA:354,30
DA:363,30
DA:364,4
DA:366,26
DA:367,38
DA:368,38
DA:369,23
DA:372,3
DA:382,2
DA:386,11
DA:390,11
DA:399,11
DA:400,0
DA:403,11
DA:405,22
DA:407,22
LF:98
LH:63
BRDA:40,0,0,3
BRDA:40,0,1,3
BRDA:40,0,2,2
BRDA:106,1,0,0
BRDA:106,1,1,0
BRDA:140,2,0,12
BRDA:140,2,1,0
BRDA:140,3,0,12
BRDA:140,3,1,12
BRDA:148,4,0,12
BRDA:148,4,1,12
BRDA:148,4,2,12
BRDA:180,5,0,0
BRDA:180,5,1,0
BRDA:180,6,0,0
BRDA:180,6,1,0
BRDA:182,7,0,0
BRDA:182,7,1,0
BRDA:185,8,0,0
BRDA:185,8,1,0
BRDA:185,8,2,0
BRDA:213,9,0,0
BRDA:213,9,1,36
BRDA:213,10,0,36
BRDA:213,10,1,36
BRDA:252,11,0,0
BRDA:252,11,1,28
BRDA:252,12,0,28
BRDA:252,12,1,28
BRDA:301,13,0,0
BRDA:301,13,1,0
BRDA:301,13,2,0
BRDA:363,14,0,4
BRDA:363,14,1,26
BRDA:368,15,0,23
BRDA:368,15,1,15
BRDA:399,16,0,0
BRDA:399,16,1,11
BRDA:408,17,0,22
BRDA:408,17,1,21
BRDA:409,18,0,2
BRDA:409,18,1,20
BRF:42
BRH:24
end_of_record
